[2025-02-12T13:25:50.505038] ERROR: Unknown field for UsageMetadata: get
Context:

```
example_1_input = [
    [0, 0, 0, 0, 0, 0, 0],
    [0, 8, 0, 0, 0, 0, 0],
    [0, 8, 8, 0, 0, 0, 0],
    [0, 0, 0, 0, 8, 8, 0],
    [0, 0, 0, 0, 0, 8, 0],
    [0, 0, 0, 0, 0, 0, 0],
    [0, 0, 0, 0, 0, 0, 0],
]

example_1_output = [
    [0, 0, 0, 0, 0, 0, 0],
    [0, 8, 1, 0, 0, 0, 0],
    [0, 8, 8, 0, 0, 0, 0],
    [0, 0, 0, 0, 8, 8, 0],
    [0, 0, 0, 0, 1, 8, 0],
    [0, 0, 0, 0, 0, 0, 0],
    [0, 0, 0, 0, 0, 0, 0],
]
```

**Generate NLP**


====

**Instructions**

- Describe in natural language the step-by-step transformation observed between the input and output grids.
- Focus on identifying objects, their properties (predicates), and the actions performed on them.
- Be as clear and concise as possible, providing a complete description of the transformation rule.
--------------------------------------------------------------------------------

[2025-02-12T13:25:55.005681] ERROR: Unknown field for UsageMetadata: get
Context:

```
example_1_input = [
    [0, 0, 0, 0, 0, 0, 0],
    [0, 8, 0, 0, 0, 0, 0],
    [0, 8, 8, 0, 0, 0, 0],
    [0, 0, 0, 0, 8, 8, 0],
    [0, 0, 0, 0, 0, 8, 0],
    [0, 0, 0, 0, 0, 0, 0],
    [0, 0, 0, 0, 0, 0, 0],
]

example_1_output = [
    [0, 0, 0, 0, 0, 0, 0],
    [0, 8, 1, 0, 0, 0, 0],
    [0, 8, 8, 0, 0, 0, 0],
    [0, 0, 0, 0, 8, 8, 0],
    [0, 0, 0, 0, 1, 8, 0],
    [0, 0, 0, 0, 0, 0, 0],
    [0, 0, 0, 0, 0, 0, 0],
]
```

**Generate NLP**


====

**Instructions**

- Describe in natural language the step-by-step transformation observed between the input and output grids.
- Focus on identifying objects, their properties (predicates), and the actions performed on them.
- Be as clear and concise as possible, providing a complete description of the transformation rule.
--------------------------------------------------------------------------------

[2025-02-12T13:25:58.684711] ERROR: Unknown field for UsageMetadata: get
Context:

```
example_1_input = [
    [0, 0, 0, 0, 0, 0, 0],
    [0, 8, 0, 0, 0, 0, 0],
    [0, 8, 8, 0, 0, 0, 0],
    [0, 0, 0, 0, 8, 8, 0],
    [0, 0, 0, 0, 0, 8, 0],
    [0, 0, 0, 0, 0, 0, 0],
    [0, 0, 0, 0, 0, 0, 0],
]

example_1_output = [
    [0, 0, 0, 0, 0, 0, 0],
    [0, 8, 1, 0, 0, 0, 0],
    [0, 8, 8, 0, 0, 0, 0],
    [0, 0, 0, 0, 8, 8, 0],
    [0, 0, 0, 0, 1, 8, 0],
    [0, 0, 0, 0, 0, 0, 0],
    [0, 0, 0, 0, 0, 0, 0],
]
```

**Generate NLP**


====

**Instructions**

- Describe in natural language the step-by-step transformation observed between the input and output grids.
- Focus on identifying objects, their properties (predicates), and the actions performed on them.
- Be as clear and concise as possible, providing a complete description of the transformation rule.
--------------------------------------------------------------------------------

[2025-02-12T13:26:01.966046] ERROR: Unknown field for UsageMetadata: get
Context:

```
example_1_input = [
    [0, 0, 0, 0, 0, 0, 0],
    [0, 8, 0, 0, 0, 0, 0],
    [0, 8, 8, 0, 0, 0, 0],
    [0, 0, 0, 0, 8, 8, 0],
    [0, 0, 0, 0, 0, 8, 0],
    [0, 0, 0, 0, 0, 0, 0],
    [0, 0, 0, 0, 0, 0, 0],
]

example_1_output = [
    [0, 0, 0, 0, 0, 0, 0],
    [0, 8, 1, 0, 0, 0, 0],
    [0, 8, 8, 0, 0, 0, 0],
    [0, 0, 0, 0, 8, 8, 0],
    [0, 0, 0, 0, 1, 8, 0],
    [0, 0, 0, 0, 0, 0, 0],
    [0, 0, 0, 0, 0, 0, 0],
]
```

**Generate NLP**


====

**Instructions**

- Describe in natural language the step-by-step transformation observed between the input and output grids.
- Focus on identifying objects, their properties (predicates), and the actions performed on them.
- Be as clear and concise as possible, providing a complete description of the transformation rule.
--------------------------------------------------------------------------------

[2025-02-12T13:26:07.190074] ERROR: Unknown field for UsageMetadata: get
Context:

```
example_1_input = [
    [0, 0, 0, 0, 0, 0, 0],
    [0, 8, 0, 0, 0, 0, 0],
    [0, 8, 8, 0, 0, 0, 0],
    [0, 0, 0, 0, 8, 8, 0],
    [0, 0, 0, 0, 0, 8, 0],
    [0, 0, 0, 0, 0, 0, 0],
    [0, 0, 0, 0, 0, 0, 0],
]

example_1_output = [
    [0, 0, 0, 0, 0, 0, 0],
    [0, 8, 1, 0, 0, 0, 0],
    [0, 8, 8, 0, 0, 0, 0],
    [0, 0, 0, 0, 8, 8, 0],
    [0, 0, 0, 0, 1, 8, 0],
    [0, 0, 0, 0, 0, 0, 0],
    [0, 0, 0, 0, 0, 0, 0],
]
```

**Generate NLP**


====

**Instructions**

- Describe in natural language the step-by-step transformation observed between the input and output grids.
- Focus on identifying objects, their properties (predicates), and the actions performed on them.
- Be as clear and concise as possible, providing a complete description of the transformation rule.
--------------------------------------------------------------------------------

[2025-02-12T13:26:07.191260] ERROR: Failed to get valid function call after maximum retries
Context:

```
example_1_input = [
    [0, 0, 0, 0, 0, 0, 0],
    [0, 8, 0, 0, 0, 0, 0],
    [0, 8, 8, 0, 0, 0, 0],
    [0, 0, 0, 0, 8, 8, 0],
    [0, 0, 0, 0, 0, 8, 0],
    [0, 0, 0, 0, 0, 0, 0],
    [0, 0, 0, 0, 0, 0, 0],
]

example_1_output = [
    [0, 0, 0, 0, 0, 0, 0],
    [0, 8, 1, 0, 0, 0, 0],
    [0, 8, 8, 0, 0, 0, 0],
    [0, 0, 0, 0, 8, 8, 0],
    [0, 0, 0, 0, 1, 8, 0],
    [0, 0, 0, 0, 0, 0, 0],
    [0, 0, 0, 0, 0, 0, 0],
]
```

**Generate NLP**


====

**Instructions**

- Describe in natural language the step-by-step transformation observed between the input and output grids.
- Focus on identifying objects, their properties (predicates), and the actions performed on them.
- Be as clear and concise as possible, providing a complete description of the transformation rule.
--------------------------------------------------------------------------------

[2025-02-12T13:26:07.192336] ERROR: Solve failed: 'NoneType' object is not iterable
--------------------------------------------------------------------------------

